{
'VIVIANA': 0.0,
'MENDOZA': 0.0043859649122807015,
'OVALLE': 0.0,
'MA.': 0.0,
'MEJIA': 0.0,
'ALEJANDRO': 0.0,
'OLGA': 0.0,
'YENIFER': 0.0,
'TAPIA': 0.0,
'GARZON': 0.008771929824561403,
'PARRA': 0.0,
'DOMINGUEZ': 0.0043859649122807015,
'ELENA': 0.0,
'CORTES': 0.008771929824561403,
'MARIA': 0.0,
'ARG\xc3\x9cELLO': 0.0043859649122807015,
'JIMENA': 0.0,
'VICTORIA': 0.0,
'MELLIZOS': 0.0,
'ALCIRA': 0.0,
'VI\xc3\x91AS': 0.0,
'BORDA': 0.0,
'PUCHE': 0.0043859649122807015,
'MUNDO': 0.0,
'FRANCE': 0.0,
'RICO': 0.0043859649122807015,
'DIAZ': 0.008771929824561403,
'TOLEDO': 0.0,
'MARTHA': 0.0,
'RUIZ': 0.0,
'NAVARRETE': 0.0043859649122807015,
'SANABRIA': 0.0,
'M.': 0.0,
'GUILLERMINA': 0.0,
'ULLOA': 0.0043859649122807015,
'DOLLY': 0.0,
'HERMES': 0.0,
'PEREA': 0.0,
'YANETD': 0.0,
'YANETH': 0.0,
'JEANETH': 0.0,
'DORANTES': 0.0,
'PEREZ': 0.013157894736842105,
'IZQUIERDO': 0.0,
'JADILSON': 0.0,
'CORREDOR': 0.0043859649122807015,
'GUTIERREZ': 0.0043859649122807015,
'CABRERA': 0.0043859649122807015,
'BAEZ': 0.0,
'LUCIA': 0.0,
'LARISA': 0.0,
'RAFAEL': 0.0,
'AUGUSTO': 0.0,
'CARVAJAL': 0.0,
'CENDALES': 0.0043859649122807015,
'VASQUEZ': 0.0,
'CORDOBA': 0.0,
'LEON': 0.0043859649122807015,
'BOLIVAR': 0.013157894736842105,
'HELENA': 0.0,
'GUIOMAR': 0.0,
'BALAGUERA': 0.0,
'CAMUS': 0.0043859649122807015,
'ROMERO': 0.0043859649122807015,
'CARRERO': 0.0,
'CLAUDIA': 0.0,
'KAREN': 0.0,
'VEGA': 0.0,
'ALFONSO': 0.013157894736842105,
'RUEDA': 0.0,
'JHINET': 0.0,
'GILMA': 0.0,
'ESPITIA': 0.013157894736842105,
'PAULO': 0.0,
'CONEO': 0.0,
'YOHANNA': 0.0,
'TRUJILLO': 0.008771929824561403,
'RUBY': 0.0,
'GUERRERO': 0.008771929824561403,
'ALI': 0.0,
'MARCIAL': 0.0,
'ESPINOSA': 0.0043859649122807015,
'BETSABE': 0.0,
'MU\xc3\x91OZ': 0.0,
'ALVARADO': 0.008771929824561403,
'MERCEDES': 0.0,
'MARY': 0.0,
'JACOBO': 0.0,
'RIVADENEIRA': 0.0,
'RIPE': 0.0,
'OSSA': 0.0,
'DAVID': 0.0,
'PERILLA': 0.0043859649122807015,
'HIPOLITO': 0.0,
'SANTOS': 0.0,
'LA': 0.0043859649122807015,
'TABIMA': 0.0,
'HUGO': 0.0,
'VILLAMIL': 0.0043859649122807015,
'LANZA': 0.0043859649122807015,
'ATEHORTUA': 0.0043859649122807015,
'GOMEZ': 0.0043859649122807015,
'SAMPER': 0.0043859649122807015,
'REINA': 0.0043859649122807015,
'MARIBEL': 0.0,
'SILVA': 0.0,
'BARRIOS': 0.0043859649122807015,
'MADIAN': 0.0,
'ANDRES': 0.0043859649122807015,
'GUZMAN': 0.0043859649122807015,
'ARTUNDUAGA': 0.0,
'JACINTA': 0.0,
'CALDERON': 0.0043859649122807015,
'PRADA': 0.0043859649122807015,
'ARIZA': 0.013157894736842105,
'PRADO': 0.0,
'ARENAS': 0.0043859649122807015,
'ANDREA': 0.0,
'IGLESIAS': 0.0,
'CERA': 0.0043859649122807015,
'GRECO': 0.0,
'MONICA': 0.0,
'JURADO': 0.0043859649122807015,
'ERNESTO': 0.0,
'MIGUEL': 0.0,
'AMANDA': 0.0,
'JUAN': 0.0,
'CAROLINA': 0.0,
'TABARES': 0.0,
'CUJAR': 0.0043859649122807015,
'CARBONELL': 0.0,
'AMPARO': 0.0,
'TELLEZ': 0.0,
'ROSARIO': 0.0,
'ERLEY': 0.0,
'BARBOSA': 0.0043859649122807015,
'COLMENARES': 0.0043859649122807015,
'STELLA': 0.0,
'FABIAN': 0.0,
'ALAIX': 0.0043859649122807015,
'SUSANA': 0.0,
'MARITZA': 0.0,
'YURY': 0.0,
'ESPERANZA': 0.0,
'VILLARREAL': 0.0043859649122807015,
'AVILA': 0.008771929824561403,
'ELVIRA': 0.0,
'SANTANILLA': 0.0043859649122807015,
'MONTOYA': 0.0043859649122807015,
'ARTURO': 0.0,
'GONZALEZ': 0.017543859649122806,
'SONIA': 0.0,
'LAVERDE': 0.0,
'DIANA': 0.0,
'GONZALES': 0.0043859649122807015,
'ROSA': 0.0,
'LAURA': 0.0,
'CASTILLO': 0.008771929824561403,
'IVAN': 0.0,
'CAICEDO': 0.0,
'QUINTERO': 0.0043859649122807015,
'NI\xc3\x91O': 0.008771929824561403,
'JOSE': 0.0,
'SANDOVAL': 0.0,
'ELIAS': 0.0,
'BARRAGAN': 0.0043859649122807015,
'SANDRA': 0.0,
'BAUTISTA': 0.0043859649122807015,
'ELENITH': 0.0,
'BELE\xc3\x91O': 0.0,
'CUELLAR': 0.0043859649122807015,
'ROSMIRA': 0.0,
'OSCAR': 0.0,
'CUBIDES': 0.0043859649122807015,
'JESUS': 0.0043859649122807015,
'FELIPE': 0.0,
'GUILLERMO': 0.0,
'CORTE': 0.0043859649122807015,
'ALEJANDRA': 0.0,
'PORRAS': 0.0,
'ROSALIA': 0.0,
'ARBEA': 0.0043859649122807015,
'AMEZQUITA': 0.0043859649122807015,
'CELINA': 0.0,
'YADIRA': 0.0,
'FERNANDA': 0.0043859649122807015,
'NANCY': 0.0,
'RAUL': 0.0,
'LOURDES': 0.0,
'JENNY': 0.0,
'NAYSHLEY': 0.0,
'CAMARGO': 0.0043859649122807015,
'FERMIN': 0.0,
'BEJARANO': 0.0,
'VILLALVA': 0.0,
'PIEDAD':0.0,
'LUZ': 0.0,
'LADINO': 0.0,
'MOSQUERA': 0.0,
'DUQUE': 0.0043859649122807015,
'AGUDELO': 0.008771929824561403,
'ALBERTO': 0.0,
'PALOMEQUE': 0.0,
'HIGUERA': 0.0043859649122807015,
'ARMENTA': 0.0043859649122807015,
'MEDELLIN': 0.0,
'CORTINA': 0.0043859649122807015,
'VANEGAS': 0.013157894736842105,
'ENRIQUE': 0.0,
'RINCON': 0.0,
'GARFIAS': 0.0,
'IRMA': 0.0,
'MARCELAS': 0.0,
'VILLANUEVA': 0.0,
'XIMENA': 0.0,
'MILTON': 0.0,
'LOZANO': 0.013157894736842105,
'ALTAMIRANO': 0.0043859649122807015,
'GARAY': 0.0,
'DO': 0.0,
'HUMBERTO': 0.0,
'CANTO': 0.0,
'DE': 0.008771929824561403,
'AMAYA': 0.0043859649122807015,
'ALVEIRO': 0.0,
'AQUILES': 0.0043859649122807015,
'LUIS': 0.0,
'NAVAS': 0.0043859649122807015,
'ALEJO': 0.0043859649122807015,
'MARCELA': 0.0,
'YEIMI': 0.0,
'MASMELA': 0.0,
'PINEDA': 0.0043859649122807015,
'YANIRA': 0.0,
'GISELA': 0.0,
'CESAR': 0.0,
'CARDENAS': 0.0043859649122807015,
'ADOLFO': 0.0,
'VERA': 0.0,
'LEONOR': 0.0,
'MURCIA': 0.0043859649122807015,
'JORGE': 0.0,
'ALARCON': 0.008771929824561403,
'PATI\xc3\x91O': 0.008771929824561403,
'JIMENEZ': 0.0,
'ARAGON': 0.0,
'VILLASE\xc3\x91OR': 0.0,
'MONROY': 0.0043859649122807015,
'PILAR': 0.0,
'ORLANDO': 0.0,
'CAMILO': 0.0,
'PERA': 0.0,
'NELVY': 0.0,
'VARGA': 0.0043859649122807015,
'QUICENO': 0.0,
'RAMOS': 0.0,
'URIBE': 0.0,
'GALVIS': 0.0043859649122807015,
'GERENAS': 0.0,
'GUACANEME': 0.0,
'CONSUELO': 0.0,
'NAVARRO': 0.0,
'ALEMAN': 0.008771929824561403,
'LUISA': 0.0,
'ADRIANA': 0.0,
'OLAYA': 0.0,
'GIRALDO': 0.0043859649122807015,
'JURANNI': 0.0,
'HERNANDEZ': 0.008771929824561403,
'ACU\xc3\x91A': 0.0043859649122807015,
'VALERO': 0.0043859649122807015,
'ZULENA': 0.0,
'LEONARDO': 0.0,
'ALEXANDER': 0.0,
'AGUILAR': 0.017543859649122806,
'ALMOGABAR': 0.0043859649122807015,
'ANGELES': 0.0,
'CARRE\xc3\x91O': 0.0,
'JAIMES': 0.0043859649122807015,
'ZAMORA': 0.0,
'VARGAS': 0.008771929824561403,
'SOLORZA': 0.0,
'ARREDONDO': 0.0043859649122807015,
'LUCRECIA': 0.0,
'PATRICIA': 0.0,
'GARCIA': 0.008771929824561403,
'LINA': 0.0,
'JOHANNA': 0.0,
'ACEVEDO': 0.013157894736842105,
'MURILLO': 0.0,
'TANIA': 0.0,
'CHAPARRO': 0.0043859649122807015,
'ALVARO': 0.0,
'ARGUMOSA': 0.0043859649122807015,
'LOZADA': 0.0043859649122807015,
'MAGALY': 0.0,
'VICTOR': 0.0,
'PATARROYO': 0.0,
'ANA': 0.0,
'GUARIN': 0.0,
'GABY': 0.0,
'MELGAR': 0.0,
'MELO': 0.0043859649122807015,
'CELMIRA': 0.0,
'TORRES': 0.0043859649122807015,
'ISRAEL': 0.0,
'ANGELINA': 0.0,
'LIBIA': 0.0,
'SALOMON': 0.0,
'ZAMBRANO': 0.0043859649122807015,
'YUCELY': 0.0,
'ANTEMATE': 0.0043859649122807015,
'GUSTAVO': 0.0,
'AYDA': 0.0,
'GRACIELA': 0.0,
'BERNAL': 0.0,
'JARAMILLO': 0.0,
'TORO': 0.0,
'MAHECHA': 0.0,
'BALLEN': 0.0,
'CIFUENTES': 0.0,
'RIOS': 0.0043859649122807015,
'TRIVI\xc3\x91O': 0.0043859649122807015,
'ERIKA': 0.0,
'ALVAREZ': 0.008771929824561403,
'REYES': 0.0043859649122807015,
'SALCEDO': 0.0043859649122807015,
'JOHANA': 0.0,
'MIRLEDIS': 0.0,
'MORA': 0.008771929824561403,
'GLORIA': 0.0,
'RAMIRO': 0.0,
'YEPES': 0.0,
'LOS': 0.0,
'VERGEL': 0.0043859649122807015,
'LETONA': 0.0043859649122807015,
'PAEZ': 0.0043859649122807015,
'MANRIQUEZ': 0.0,
'IVETTE': 0.0,
'GERARDO': 0.0,
'SANCHEZ': 0.008771929824561403,
'MILENA': 0.0,
'SUAREZ': 0.0043859649122807015,
'ESMERALDA': 0.0,
'AGUILLON': 0.0043859649122807015,
'JANETH': 0.0,
'VALENCIA': 0.0043859649122807015,
'LILIA': 0.0,
'YINETH': 0.0,
'MOSCOSO': 0.0043859649122807015,
'Y': 0.0043859649122807015,
'AREVALO': 0.0,
'PALACIOS': 0.0043859649122807015,
'SEGURA': 0.0,
'BARRETO': 0.0,
'SALVADOR': 0.0,
'RIVEROS': 0.0,
'ALCANTARA': 0.0043859649122807015,
'FORERO': 0.0043859649122807015,
'FREDY': 0.0,
'ARROYAVE': 0.0043859649122807015,
'SOCORRO': 0.0,
'SABOGAL': 0.008771929824561403,
'LOPEZ': 0.017543859649122806,
'MANOSALVA': 0.008771929824561403,
'TULIA': 0.0,
'DIEGO': 0.0,
'CATALINA': 0.0,
'EDITH': 0.0,
'YARURO': 0.0,
'BECERRA': 0.0,
'MONTENEGRO': 0.0043859649122807015,
'MOLANO': 0.0,
'DUARTE': 0.0043859649122807015,
'ARIAS': 0.008771929824561403,
'BENAVIDEZ': 0.0043859649122807015,
'WILSON': 0.0,
'ALDERETE': 0.0043859649122807015,
'ALATRISTE': 0.0043859649122807015,
'INGRID': 0.0,
'MANJARRES': 0.0043859649122807015,
'ALBA': 0.0043859649122807015,
'RAMIREZ': 0.008771929824561403,
'RONALD': 0.0,
'ENCISO': 0.0043859649122807015,
'LICONA': 0.0,
'AMELIA': 0.0,
'BEATRIZ': 0.0,
'CASTA\xc3\x91EDA': 0.0043859649122807015,
'EDUARDO': 0.0,
'LAGOS': 0.0043859649122807015,
'MORENO': 0.0043859649122807015,
'VILLAREAL': 0.0043859649122807015,
'SAENZ': 0.0,
'WILDER': 0.0,
'MENDEZ': 0.0043859649122807015,
'DEL': 0.0,
'YAMILE': 0.0,
'CRYSHNA': 0.0,
'GAMEZ': 0.0,
'CAMACHO': 0.0043859649122807015,
'ARMANDO': 0.0,
'ARNAUD': 0.0043859649122807015,
'REINALDO': 0.0,
'MORAL': 0.0,
'JACQUELINE': 0.0,
'BUJANDA': 0.0,
'LEMUS': 0.0,
'MICHAEL': 0.0,
'LORANCA': 0.0,
'OFELIA': 0.0,
'NEIRA': 0.0,
'CECILIA': 0.0,
'ZAQUE': 0.0,
'PINILLA': 0.0,
'LILIANA': 0.0,
'HERRERA': 0.008771929824561403,
'LISSETH': 0.0,
'MARLEN': 0.0,
'PAOLA': 0.0,
'ACOSTA': 0.013157894736842105,
'ANTONIO': 0.0043859649122807015,
'MARTINEZ': 0.008771929824561403,
'MAGDA': 0.0,
'ROCIO': 0.0,
'SASTOQUE': 0.0,
'GENARO': 0.0,
'SARMIENTO': 0.0043859649122807015,
'ELIZABETH': 0.0,
'YULIAN': 0.0,
'DUE\xc3\x91AS': 0.008771929824561403,
'VALBUENA': 0.0043859649122807015,
'FERNANDO': 0.0,
'VELASQUEZ': 0.0043859649122807015,
'ZANDRA': 0.0,
'NESTOR': 0.0,
'ANDRADE': 0.0043859649122807015,
'CONSTANZA': 0.0,
'MEDINA': 0.0,
'BERTHA': 0.0,
'HERNANDO': 0.0,
'MORALES': 0.008771929824561403,
'GALLO': 0.0043859649122807015,
'LIGIA': 0.0,
'TOMAS': 0.0,
'REINOSA': 0.0043859649122807015,
'JAVIER': 0.0043859649122807015,
'TORRADO': 0.0043859649122807015,
'KETTY': 0.0,
'TORRIJOS': 0.0043859649122807015,
'MIREYA': 0.0,
'SALGADO': 0.0043859649122807015,
'NATALIA': 0.0,
'EUGENIA': 0.0,
'MARINA': 0.0,
'CRISTINA': 0.0,
'URREA': 0.0,
'ANGULO': 0.0043859649122807015,
'FIGUEROA': 0.0,
'PULIDO': 0.0043859649122807015,
'ELKIN': 0.0,
'NORMA': 0.0,
'NIDIA': 0.0,
'FANNY': 0.0,
'ANGEL': 0.0,
'PINZON': 0.0043859649122807015,
'CHIGO': 0.0,
'PE\xc3\x91A': 0.0,
'MANZANO': 0.0043859649122807015,
'ALONSO': 0.008771929824561403,
'ISAZA': 0.0043859649122807015,
'VILLALBA': 0.0043859649122807015,
'ISABEL': 0.0,
'FRANCISCO': 0.0,
'IBARRA': 0.0,
'RODRIGUEZ': 0.013157894736842105,
'TAUTIVA': 0.0,
'LEGUIZAMON': 0.0,
'ROJAS': 0.0043859649122807015,
'PASCUAL': 0.0,
'BARAJAS': 0.0043859649122807015
}
